Build started 07/12/2010 17:39:15.
     1>Project "\\nas\students\n\nlsteers\windows\visual studio 2010\Projects\Vigenere\Vigenere\Vigenere.vcxproj" on node 2 (build target(s)).
     1>InitializeBuildStatus:
         Creating "Debug\Vigenere.unsuccessfulbuild" because "AlwaysCreate" was specified.
       ClCompile:
         C:\Program Files (x86)\Microsoft Visual Studio 10.0\VC\bin\CL.exe /c /ZI /nologo /W3 /WX- /Od /Oy- /D WIN32 /D _DEBUG /D _CONSOLE /D _UNICODE /D UNICODE /Gm /EHsc /RTC1 /MDd /GS /fp:precise /Zc:wchar_t /Zc:forScope /Fo"Debug\\" /Fd"Debug\vc100.pdb" /Gd /TC /analyze- /errorReport:prompt vigenere.c
         vigenere.c
     1>\\nas\students\n\nlsteers\windows\visual studio 2010\projects\vigenere\vigenere\vigenere.c(32): warning C4996: 'gets': This function or variable may be unsafe. Consider using gets_s instead. To disable deprecation, use _CRT_SECURE_NO_WARNINGS. See online help for details.
                 c:\program files (x86)\microsoft visual studio 10.0\vc\include\stdio.h(277) : see declaration of 'gets'
     1>\\nas\students\n\nlsteers\windows\visual studio 2010\projects\vigenere\vigenere\vigenere.c(34): warning C4996: 'gets': This function or variable may be unsafe. Consider using gets_s instead. To disable deprecation, use _CRT_SECURE_NO_WARNINGS. See online help for details.
                 c:\program files (x86)\microsoft visual studio 10.0\vc\include\stdio.h(277) : see declaration of 'gets'
     1>\\nas\students\n\nlsteers\windows\visual studio 2010\projects\vigenere\vigenere\vigenere.c(36): warning C4996: 'getch': The POSIX name for this item is deprecated. Instead, use the ISO C++ conformant name: _getch. See online help for details.
                 c:\program files (x86)\microsoft visual studio 10.0\vc\include\conio.h(128) : see declaration of 'getch'
       ManifestResourceCompile:
         C:\Program Files (x86)\Microsoft SDKs\Windows\v7.0A\bin\rc.exe /nologo /fo"Debug\Vigenere.exe.embed.manifest.res" Debug\Vigenere_manifest.rc 
       Link:
         C:\Program Files (x86)\Microsoft Visual Studio 10.0\VC\bin\link.exe /ERRORREPORT:PROMPT /OUT:"\\nas\students\n\nlsteers\windows\visual studio 2010\Projects\Vigenere\Debug\Vigenere.exe" /INCREMENTAL /NOLOGO kernel32.lib user32.lib gdi32.lib winspool.lib comdlg32.lib advapi32.lib shell32.lib ole32.lib oleaut32.lib uuid.lib odbc32.lib odbccp32.lib /MANIFEST /ManifestFile:"Debug\Vigenere.exe.intermediate.manifest" /MANIFESTUAC:"level='asInvoker' uiAccess='false'" /DEBUG /PDB:"\\nas\students\n\nlsteers\windows\visual studio 2010\Projects\Vigenere\Debug\Vigenere.pdb" /SUBSYSTEM:CONSOLE /TLBID:1 /DYNAMICBASE /NXCOMPAT /IMPLIB:"\\nas\students\n\nlsteers\windows\visual studio 2010\Projects\Vigenere\Debug\Vigenere.lib" /MACHINE:X86 Debug\Vigenere.exe.embed.manifest.res
         Debug\vigenere.obj
       Manifest:
         C:\Program Files (x86)\Microsoft SDKs\Windows\v7.0A\bin\mt.exe /nologo /verbose /out:"Debug\Vigenere.exe.embed.manifest" /manifest Debug\Vigenere.exe.intermediate.manifest
         C:\Program Files (x86)\Microsoft SDKs\Windows\v7.0A\bin\rc.exe /nologo /fo"Debug\Vigenere.exe.embed.manifest.res" Debug\Vigenere_manifest.rc 
       LinkEmbedManifest:
         All outputs are up-to-date.
         Vigenere.vcxproj -> \\nas\students\n\nlsteers\windows\visual studio 2010\Projects\Vigenere\Debug\Vigenere.exe
       FinalizeBuildStatus:
         Deleting file "Debug\Vigenere.unsuccessfulbuild".
         Touching "Debug\Vigenere.lastbuildstate".
     1>Done Building Project "\\nas\students\n\nlsteers\windows\visual studio 2010\Projects\Vigenere\Vigenere\Vigenere.vcxproj" (build target(s)).

Build succeeded.

Time Elapsed 00:00:01.56
