\\NAS\STUDENTS\N\NLSTEERS\WINDOWS\VISUAL STUDIO 2010\PROJECTS\SYSTEMSARCHITECTURE\DEBUG\SENDER.EXE
\\NAS\STUDENTS\N\NLSTEERS\WINDOWS\VISUAL STUDIO 2010\PROJECTS\SYSTEMSARCHITECTURE\DEBUG\SENDER.ILK
\\NAS\STUDENTS\N\NLSTEERS\WINDOWS\VISUAL STUDIO 2010\PROJECTS\SYSTEMSARCHITECTURE\DEBUG\SENDER.PDB
\\nas\students\n\nlsteers\windows\visual studio 2010\Projects\SystemsArchitecture\Sender\Debug\cl.command.1.tlog
\\nas\students\n\nlsteers\windows\visual studio 2010\Projects\SystemsArchitecture\Sender\Debug\CL.read.1.tlog
\\nas\students\n\nlsteers\windows\visual studio 2010\Projects\SystemsArchitecture\Sender\Debug\CL.write.1.tlog
\\nas\students\n\nlsteers\windows\visual studio 2010\Projects\SystemsArchitecture\Sender\Debug\link.3584.read.1.tlog
\\nas\students\n\nlsteers\windows\visual studio 2010\Projects\SystemsArchitecture\Sender\Debug\link.3584.write.1.tlog
\\nas\students\n\nlsteers\windows\visual studio 2010\Projects\SystemsArchitecture\Sender\Debug\link.3584-cvtres.read.1.tlog
\\nas\students\n\nlsteers\windows\visual studio 2010\Projects\SystemsArchitecture\Sender\Debug\link.3584-cvtres.write.1.tlog
\\nas\students\n\nlsteers\windows\visual studio 2010\Projects\SystemsArchitecture\Sender\Debug\link.command.1.tlog
\\nas\students\n\nlsteers\windows\visual studio 2010\Projects\SystemsArchitecture\Sender\Debug\link.read.1.tlog
\\nas\students\n\nlsteers\windows\visual studio 2010\Projects\SystemsArchitecture\Sender\Debug\link.write.1.tlog
\\nas\students\n\nlsteers\windows\visual studio 2010\Projects\SystemsArchitecture\Sender\Debug\link-cvtres.read.1.tlog
\\nas\students\n\nlsteers\windows\visual studio 2010\Projects\SystemsArchitecture\Sender\Debug\link-cvtres.write.1.tlog
\\nas\students\n\nlsteers\windows\visual studio 2010\Projects\SystemsArchitecture\Sender\Debug\mt.command.1.tlog
\\nas\students\n\nlsteers\windows\visual studio 2010\Projects\SystemsArchitecture\Sender\Debug\mt.read.1.tlog
\\nas\students\n\nlsteers\windows\visual studio 2010\Projects\SystemsArchitecture\Sender\Debug\mt.write.1.tlog
\\nas\students\n\nlsteers\windows\visual studio 2010\Projects\SystemsArchitecture\Sender\Debug\rc.command.1.tlog
\\nas\students\n\nlsteers\windows\visual studio 2010\Projects\SystemsArchitecture\Sender\Debug\rc.read.1.tlog
\\nas\students\n\nlsteers\windows\visual studio 2010\Projects\SystemsArchitecture\Sender\Debug\rc.write.1.tlog
\\NAS\STUDENTS\N\NLSTEERS\WINDOWS\VISUAL STUDIO 2010\PROJECTS\SYSTEMSARCHITECTURE\SENDER\DEBUG\SENDER.EXE.EMBED.MANIFEST
\\NAS\STUDENTS\N\NLSTEERS\WINDOWS\VISUAL STUDIO 2010\PROJECTS\SYSTEMSARCHITECTURE\SENDER\DEBUG\SENDER.EXE.EMBED.MANIFEST.RES
\\NAS\STUDENTS\N\NLSTEERS\WINDOWS\VISUAL STUDIO 2010\PROJECTS\SYSTEMSARCHITECTURE\SENDER\DEBUG\SENDER.EXE.INTERMEDIATE.MANIFEST
\\NAS\STUDENTS\N\NLSTEERS\WINDOWS\VISUAL STUDIO 2010\PROJECTS\SYSTEMSARCHITECTURE\SENDER\DEBUG\SENDER.OBJ
\\nas\students\n\nlsteers\windows\visual studio 2010\Projects\SystemsArchitecture\Sender\Debug\Sender_manifest.rc
\\nas\students\n\nlsteers\windows\visual studio 2010\Projects\SystemsArchitecture\Sender\Debug\vc100.idb
\\NAS\STUDENTS\N\NLSTEERS\WINDOWS\VISUAL STUDIO 2010\PROJECTS\SYSTEMSARCHITECTURE\SENDER\DEBUG\VC100.PDB
