Build started 01/12/2010 20:42:16.
     1>Project "\\nas\students\n\nlsteers\windows\visual studio 2010\Projects\SystemsArchitecture\SystemsArchitecture\SystemsArchitecture.vcxproj" on node 3 (build target(s)).
     1>PrepareForBuild:
         Creating directory "\\nas\students\n\nlsteers\windows\visual studio 2010\Projects\SystemsArchitecture\Debug\".
       InitializeBuildStatus:
         Creating "Debug\SystemsArchitecture.unsuccessfulbuild" because "AlwaysCreate" was specified.
       ClCompile:
         C:\Program Files (x86)\Microsoft Visual Studio 10.0\VC\bin\CL.exe /c /ZI /nologo /W3 /WX- /Od /Oy- /D WIN32 /D _DEBUG /D _CONSOLE /D _UNICODE /D UNICODE /Gm /EHsc /RTC1 /MDd /GS /fp:precise /Zc:wchar_t /Zc:forScope /Fo"Debug\\" /Fd"Debug\vc100.pdb" /Gd /TC /analyze- /errorReport:prompt encryption.c
         encryption.c
     1>\\nas\students\n\nlsteers\windows\visual studio 2010\projects\systemsarchitecture\systemsarchitecture\encryption.c(26): warning C4996: 'fopen': This function or variable may be unsafe. Consider using fopen_s instead. To disable deprecation, use _CRT_SECURE_NO_WARNINGS. See online help for details.
                 c:\program files (x86)\microsoft visual studio 10.0\vc\include\stdio.h(234) : see declaration of 'fopen'
     1>\\nas\students\n\nlsteers\windows\visual studio 2010\projects\systemsarchitecture\systemsarchitecture\encryption.c(27): warning C4996: 'fopen': This function or variable may be unsafe. Consider using fopen_s instead. To disable deprecation, use _CRT_SECURE_NO_WARNINGS. See online help for details.
                 c:\program files (x86)\microsoft visual studio 10.0\vc\include\stdio.h(234) : see declaration of 'fopen'
     1>\\nas\students\n\nlsteers\windows\visual studio 2010\projects\systemsarchitecture\systemsarchitecture\encryption.c(37): warning C4996: 'fopen': This function or variable may be unsafe. Consider using fopen_s instead. To disable deprecation, use _CRT_SECURE_NO_WARNINGS. See online help for details.
                 c:\program files (x86)\microsoft visual studio 10.0\vc\include\stdio.h(234) : see declaration of 'fopen'
     1>\\nas\students\n\nlsteers\windows\visual studio 2010\projects\systemsarchitecture\systemsarchitecture\encryption.c(38): warning C4996: 'fopen': This function or variable may be unsafe. Consider using fopen_s instead. To disable deprecation, use _CRT_SECURE_NO_WARNINGS. See online help for details.
                 c:\program files (x86)\microsoft visual studio 10.0\vc\include\stdio.h(234) : see declaration of 'fopen'
     1>\\nas\students\n\nlsteers\windows\visual studio 2010\projects\systemsarchitecture\systemsarchitecture\encryption.c(48): warning C4996: 'fopen': This function or variable may be unsafe. Consider using fopen_s instead. To disable deprecation, use _CRT_SECURE_NO_WARNINGS. See online help for details.
                 c:\program files (x86)\microsoft visual studio 10.0\vc\include\stdio.h(234) : see declaration of 'fopen'
     1>\\nas\students\n\nlsteers\windows\visual studio 2010\projects\systemsarchitecture\systemsarchitecture\encryption.c(49): warning C4996: 'fopen': This function or variable may be unsafe. Consider using fopen_s instead. To disable deprecation, use _CRT_SECURE_NO_WARNINGS. See online help for details.
                 c:\program files (x86)\microsoft visual studio 10.0\vc\include\stdio.h(234) : see declaration of 'fopen'
     1>\\nas\students\n\nlsteers\windows\visual studio 2010\projects\systemsarchitecture\systemsarchitecture\encryption.c(78): warning C4996: 'fopen': This function or variable may be unsafe. Consider using fopen_s instead. To disable deprecation, use _CRT_SECURE_NO_WARNINGS. See online help for details.
                 c:\program files (x86)\microsoft visual studio 10.0\vc\include\stdio.h(234) : see declaration of 'fopen'
     1>\\nas\students\n\nlsteers\windows\visual studio 2010\projects\systemsarchitecture\systemsarchitecture\encryption.c(79): warning C4996: 'fopen': This function or variable may be unsafe. Consider using fopen_s instead. To disable deprecation, use _CRT_SECURE_NO_WARNINGS. See online help for details.
                 c:\program files (x86)\microsoft visual studio 10.0\vc\include\stdio.h(234) : see declaration of 'fopen'
       ManifestResourceCompile:
         C:\Program Files (x86)\Microsoft SDKs\Windows\v7.0A\bin\rc.exe /nologo /fo"Debug\SystemsArchitecture.exe.embed.manifest.res" Debug\SystemsArchitecture_manifest.rc 
       Link:
         C:\Program Files (x86)\Microsoft Visual Studio 10.0\VC\bin\link.exe /ERRORREPORT:PROMPT /OUT:"\\nas\students\n\nlsteers\windows\visual studio 2010\Projects\SystemsArchitecture\Debug\SystemsArchitecture.exe" /INCREMENTAL /NOLOGO kernel32.lib user32.lib gdi32.lib winspool.lib comdlg32.lib advapi32.lib shell32.lib ole32.lib oleaut32.lib uuid.lib odbc32.lib odbccp32.lib /MANIFEST /ManifestFile:"Debug\SystemsArchitecture.exe.intermediate.manifest" /MANIFESTUAC:"level='asInvoker' uiAccess='false'" /DEBUG /PDB:"\\nas\students\n\nlsteers\windows\visual studio 2010\Projects\SystemsArchitecture\Debug\SystemsArchitecture.pdb" /SUBSYSTEM:CONSOLE /TLBID:1 /DYNAMICBASE /NXCOMPAT /IMPLIB:"\\nas\students\n\nlsteers\windows\visual studio 2010\Projects\SystemsArchitecture\Debug\SystemsArchitecture.lib" /MACHINE:X86 Debug\SystemsArchitecture.exe.embed.manifest.res
         Debug\encryption.obj
       Manifest:
         C:\Program Files (x86)\Microsoft SDKs\Windows\v7.0A\bin\mt.exe /nologo /verbose /out:"Debug\SystemsArchitecture.exe.embed.manifest" /manifest Debug\SystemsArchitecture.exe.intermediate.manifest
         C:\Program Files (x86)\Microsoft SDKs\Windows\v7.0A\bin\rc.exe /nologo /fo"Debug\SystemsArchitecture.exe.embed.manifest.res" Debug\SystemsArchitecture_manifest.rc 
       LinkEmbedManifest:
         C:\Program Files (x86)\Microsoft Visual Studio 10.0\VC\bin\link.exe /ERRORREPORT:PROMPT /OUT:"\\nas\students\n\nlsteers\windows\visual studio 2010\Projects\SystemsArchitecture\Debug\SystemsArchitecture.exe" /INCREMENTAL /NOLOGO kernel32.lib user32.lib gdi32.lib winspool.lib comdlg32.lib advapi32.lib shell32.lib ole32.lib oleaut32.lib uuid.lib odbc32.lib odbccp32.lib /MANIFEST /ManifestFile:"Debug\SystemsArchitecture.exe.intermediate.manifest" /MANIFESTUAC:"level='asInvoker' uiAccess='false'" /DEBUG /PDB:"\\nas\students\n\nlsteers\windows\visual studio 2010\Projects\SystemsArchitecture\Debug\SystemsArchitecture.pdb" /SUBSYSTEM:CONSOLE /TLBID:1 /DYNAMICBASE /NXCOMPAT /IMPLIB:"\\nas\students\n\nlsteers\windows\visual studio 2010\Projects\SystemsArchitecture\Debug\SystemsArchitecture.lib" /MACHINE:X86 Debug\SystemsArchitecture.exe.embed.manifest.res
         Debug\encryption.obj
         SystemsArchitecture.vcxproj -> \\nas\students\n\nlsteers\windows\visual studio 2010\Projects\SystemsArchitecture\Debug\SystemsArchitecture.exe
       FinalizeBuildStatus:
         Deleting file "Debug\SystemsArchitecture.unsuccessfulbuild".
         Touching "Debug\SystemsArchitecture.lastbuildstate".
     1>Done Building Project "\\nas\students\n\nlsteers\windows\visual studio 2010\Projects\SystemsArchitecture\SystemsArchitecture\SystemsArchitecture.vcxproj" (build target(s)).

Build succeeded.

Time Elapsed 00:00:06.68
